1.211692
1.832110
2.803926
1.177563
1.256339
1.566767
2.280175
2.076803
1.592455
1.385014
2.385922
1.120605
1.147408
1.492545
1.347285
1.406010
1.905606
1.540166
1.010649
1.617709
1.676378
1.639894
1.040602
1.200274
1.607046
1.238405
1.323148
1.337877
1.956848
1.076269
1.343705
1.367228
1.585812
1.314733
1.205615
1.069508
1.131786
1.085233
1.262344
1.816721
1.152563
1.067840
1.279931
1.087413
1.076123
1.008433
1.109694
1.017034
1.180421
2.569141
1.238593
1.133335
1.532972
1.097921
1.062673
1.067238
1.078494
1.000677
1.189296
1.133109
1.333377
1.087476
1.137180
3.016124
1.153146
1.155265
1.741848
1.088515
1.119194
1.094173
1.062484
1.104201
1.135032
1.106083
1.103401
1.454805
1.095304
1.086352
1.162966
1.826560
1.202074
1.275311
1.064117
1.174742
1.188127
1.218913
1.085950
1.550485
1.112013
1.185339
1.887413
1.179902
1.661081
1.762061
1.155844
1.058829
1.101023
1.177951
1.161585
1.114932
1.110679
1.030697
1.094388
1.667676
1.132928
1.139871
1.096726
1.096584
2.071314
1.038728
1.149380
1.175266
1.174878
1.140142
1.001723
1.003725
1.112733
1.150488
1.664458
1.102610
1.122753
1.140670
1.165576
1.418862
1.035598
1.134871
1.124102
1.915200
1.064631
1.046614
1.003839
1.087060
1.035654
2.165398
1.001127
1.043613
1.139789
1.182625
1.529120
2.103593
1.081828
1.696881
1.170617
1.118909
1.095108
1.084257
1.233686
1.096755
1.121205
1.091595
1.245818
1.942078
1.108867
1.046198
1.032095
1.464203
1.062458
1.122275
1.157012
1.987376
1.128102
1.105646
1.030340
1.178248
1.145744
2.102712
1.106955
1.124793
1.949396
1.011149
1.000955
2.064561
1.070263
1.141651
1.188447
1.093517
1.178263
1.056897
2.220558
1.214572
1.013925
1.070047
1.019977
1.176664
1.122593
1.085920
1.477980
1.125096
2.218764
1.108841
1.301780
1.145652
1.092100
1.026957
1.127331
1.056989
2.120013
1.157228
1.267264
1.056201
1.152444
1.066694
1.103883
1.102225
1.003660
1.224226
1.013713
1.294864
1.010277
1.113093
1.000564
1.797384
1.061838
1.104079
1.088561
1.122382
1.109507
1.002563
1.044667
1.083935
1.004393
1.105410
2.184161
1.101995
1.234683
1.476223
1.207431
1.006397
2.108179
1.375726
2.039617
1.136995
1.586727
1.031173
1.150981
2.068656
1.005392
1.135251
1.095657
2.200608
1.459960
1.034680
1.047117
1.119456
1.002298
1.007160
1.093110
1.157264
2.318208
1.452505
1.032434
1.114016
1.076394
1.167381
1.206183
1.184190
1.003261
1.108577
1.585333
1.000292
1.100961
1.007403
1.073630
1.058580
1.065474
1.154507
1.057329
1.355885
1.067140
2.071518
1.648979
1.116164
1.002327
1.037249
1.009550
1.084135
1.109093
1.096437
2.025603
2.063401
1.158628
1.404217
1.641770
1.026756
1.033194
1.004454
1.115258
1.067284
1.123564
1.263255
1.002614
1.108137
1.116158
1.032910
1.118391
1.025491
1.149747
1.045127
1.039247
1.155015
1.027450
1.062676
1.218186
1.046434
1.099373
1.313900
1.353179
1.126241
1.122061
1.120424
1.057903
1.417779
1.350596
1.333523
1.066880
1.102773
1.110844
1.033245
1.093982
1.050915
2.074841
1.797378
1.069111
1.131321
1.135741
1.156936
1.108372
1.806552
1.136834
1.145301
1.097861
1.011944
1.069690
1.055935
1.064159
1.092236
1.075248
1.353288
1.019924
1.131477
1.238020
1.115654
1.065458
2.094270
1.056894
1.066289
1.108505
1.410575
1.126237
1.061478
1.068196
1.387659
1.026987
1.014420
1.056304
1.554305
1.097129
1.060665
1.855931
1.113367
1.138312
1.393151
1.030535
1.151710
1.088267
1.004330
1.063526
1.634272
1.834150
1.061518
1.056254
1.034392
1.046249
1.765849
1.365186
1.708999
1.847949
1.017623
2.190780
1.137298
1.171204
1.239321
1.312936
1.473266
1.426765
1.088092
1.201854
1.162286
1.920877
1.150398
1.239171
1.200663
1.349046
1.159429
1.711117
1.662906
1.191385
1.004984
1.208070
1.655491
1.082833
1.375806
2.020472
1.066674
1.008994
1.439497
2.436136
1.974685
1.019316
1.311806
1.996026
1.045574
1.442145
1.013501
2.346282
1.475298
1.021722
1.027170
1.031524
2.375365
1.070207
1.925429
1.329914
1.155608
1.168221
1.508448
1.314760
1.518288
1.808064
1.649276
1.235314
1.147365
1.248203
1.379009
1.166319
1.944103
1.816961
1.298489
1.686711
1.600583
1.320205
2.092504
1.379542
1.209986
1.211698
1.447536
1.267207
1.079824
1.241467
1.224025
1.466078
1.673431
1.105885
1.229616
2.024657
1.926449
1.242059
1.506749
1.191115
1.997242
1.632386
1.223177
1.163309
1.874145
1.877508
1.677755
1.519475
1.594710
1.657169
1.097362
1.534819
1.307933
1.563036
1.767597
1.256969
1.851604
1.333888
1.042802
1.380759
1.650297
1.393578
1.489380
1.358500
1.036388
1.455601
1.331400
1.161710
1.488194
1.474893
1.215305
1.304575
1.463898
1.169542
1.159823
1.400930
1.719705
1.284149
1.513198
1.608438
1.483560
1.645951
1.421674
1.322962
1.226075
1.705133
1.243496
1.211048
1.628223
1.756609
1.373028
1.447541
1.621295
1.442258
1.075644
1.099032
1.555000
1.434815
1.340230
1.094340
1.584171
1.346964
1.066377
1.186242
1.273082
1.493746
1.445837
1.326268
1.075585
1.468633
1.409231
1.104506
1.202572
1.237148
1.371461
1.057937
1.114174
1.018074
1.316544
1.257788
1.290533
1.016350
1.234637
1.299255
1.204766
1.077668
1.049441
1.256224
1.195060
1.401914
1.143606
1.824566
1.221956
1.113524
1.135522
1.202034
1.155191
1.198530
1.264622
1.291910
1.257249
1.214160
1.003333
2.770784
2.118440
1.131903
1.145299
1.879107
1.095739
1.159737
1.292212
1.414154
1.271087
1.238312
1.901762
1.057349
1.349460
1.482110
1.179114
1.016654
1.180522
1.978819
1.358595
1.001422
2.277694
1.243115
2.121299
1.374582
1.255372
1.359622
1.618693
1.824743
1.439986
1.751621
1.293207
2.267371
1.254270
1.235861
1.631447
1.729930
1.790547
1.232763
1.604379
1.395188
1.113479
2.080380
1.198528
1.189890
1.412728
1.260868
1.142185
1.103462
2.323953
1.514249
1.355559
1.059906
2.055019
1.159004
1.264392
1.059966
1.006541
1.169329
1.548511
1.454113
1.231919
1.313627
1.209096
1.635589
1.706319
1.200638
1.559964
1.262342
1.431032
1.346068
1.231810
1.314240
1.762472
1.852042
1.023099
1.018345
1.215245
1.191250
1.566258
1.473350
1.413846
1.269438
1.692136
1.176421
1.137083
1.131253
1.388173
1.449029
1.645432
1.111950
1.384047
1.415132
1.433396
1.097135
1.331537
1.306419
1.929484
1.745141
1.172929
1.476750
1.085684
1.312610
1.711437
1.187673
1.027457
1.316287
1.038086
1.502391
1.603703
1.052107
1.351014
1.057478
1.747932
1.142079
1.264575
1.205223
1.124049
1.439452
1.094686
1.668867
1.221187
1.346733
1.008823
1.204456
1.569787
1.446409
1.566687
1.604604
1.334939
1.096459
1.265058
1.515729
1.578633
1.238093
1.257929
1.216093
1.214253
1.072278
1.495398
1.070002
1.247054
1.300078
1.468728
1.180393
1.338774
1.391122
1.181745
1.140323
1.024026
1.420364
1.423593
1.357085
1.001823
1.282986
1.099744
1.111679
1.039585
1.382630
1.339353
1.336389
1.237247
1.294564
1.243434
1.100455
1.109730
1.115596
1.114025
1.323086
1.194034
1.010616
1.054749
1.230472
1.221922
1.125100
1.232863
1.018197
1.232305
1.027594
1.176375
1.177096
1.049431
1.028641
1.161206
1.002600
1.101422
1.116213
1.054475
1.096114
1.015431
1.045052
1.061010
1.000833
1.008032
1.013108
1.011860
1.064839
1.156893
1.096488
1.091799
1.013484
1.062039
1.028424
1.006351
1.005633
1.025903
1.113420
1.069456
1.317965
1.000602
1.060348
1.107169
1.042602
1.130662
1.118854
1.071922
1.073112
1.056845
1.204827
1.076623
1.011902
1.008706
1.009402
1.080464
1.066088
1.047746
1.071820
1.010378
1.014041
1.053578
1.231127
1.215070
1.076443
1.001999
1.135140
1.040059
1.033310
1.098273
1.091687
1.013259
1.096050
1.101499
1.068106
1.045371
1.001828
1.010452
1.080395
1.011296
1.052634
1.113634
1.029548
1.027853
1.100751
1.033189
1.092218
1.007946
1.109991
1.010812
1.007588
1.009677
1.018508
1.007558
1.008966
1.016542
1.015243
1.036845
1.100047
1.038926
1.009118
1.117864
1.041707
1.061030
1.020216
1.079774
1.214895
1.050296
1.019232
1.001474
1.036166
1.011593
1.031836
1.365593
1.084377
1.022617
1.039495
1.039938
1.020232
1.027168
1.066025
1.029836
1.010999
1.030729
1.016210
1.000814
1.017405
1.036134
1.051605
1.147051
1.095391
1.043961
1.036468
1.033605
1.057283
1.092663
1.067769
1.024341
1.008967
1.069794
1.012367
1.041330
1.007688
1.033347
1.048294
1.046276
1.078932
1.017706
1.038860
1.266751
1.084875
1.092812
1.023784
1.023215
1.180090
1.121930
1.134860
1.218745
1.206940
1.612646
1.013051
1.012332
1.145633
1.077146
1.027274
1.004637
1.045970
1.033855
1.045998
1.023522
1.032907
1.045965
1.201646
1.175003
1.539747
1.005778
1.010226
1.250714
1.019911
1.007018
1.747166
1.067248
1.046141
1.087394
1.028490
1.012952
1.157271
1.083584
1.238204
1.098266
1.058657
1.015734
1.008632
1.018308
1.030398
1.024402
1.013402
1.090244
1.057572
1.142483
1.110877
1.033508
1.060964
1.101214
1.023738
1.234991
1.119310
1.058789
1.017858
1.098568
1.025572
1.122738
1.045739
1.022525
1.013847
1.034439
1.014998
1.015038
1.038606
1.029431
1.060905
1.067401
1.028521
1.021141
1.034056
1.018042
1.006796
1.042541
1.059293
1.074724
1.083003
1.054268
1.049656
1.019660
1.067334
1.101030
1.117730
1.000560
1.146077
1.035222
1.017033
1.009043
1.070757
1.062955
1.040846
1.035422
1.130947
1.005258
1.029025
1.055547
1.016869
1.159076
1.015595
1.036884
1.049654
1.025518
1.092180
1.072784
1.112020
1.059125
1.121686
1.075763
1.017503
1.235932
1.177150
1.677222
1.267282
1.004010
1.051305
1.072269
1.034806
1.027634
1.032267
1.095911
1.064510
1.026444
1.032221
1.402714
1.006818
1.005713
1.325076
1.038503
1.002237
1.014038
1.032824
1.262956
1.127982
1.028224
1.040822
1.042808
1.092143
1.094407
1.080241
1.010542
1.059500
1.011596
1.021680
1.046147
1.062325
1.050441
1.000684
1.064287
1.050042
1.095886
1.035809
1.020055
1.318248
1.003921
1.006304
1.015773
1.113053
1.023131
1.002065
1.386793
1.131140
1.655000
1.169379
1.058311
1.055711
1.003700
1.012382
1.017781
1.046710
1.183257
1.036722
1.130053
1.025182
1.080292
1.005886
1.014629
1.003907
1.024824
1.043578
1.072470
1.044595
1.075529
1.001770
1.008416
1.019070
1.058254
1.094964
1.191960
1.015342
1.141024
1.005648
1.029161
1.027924
1.072751
