1.000000
1.000000
1.000000
1.000000
1.000000
1.000000
1.000000
1.000000
1.000000
1.000000
1.000000
1.000000
1.000000
1.000000
1.000000
1.000000
1.000000
1.000000
1.000000
1.000000
1.000000
1.000000
1.000000
1.000000
1.000000
1.000000
1.000000
1.000000
1.000000
1.000000
1.000000
1.000000
1.000000
1.000000
1.000000
1.000000
1.000000
1.000000
1.076269
1.000000
1.000000
1.000000
1.000000
1.000000
1.000000
0.915098
1.000000
1.000000
1.069508
0.848844
1.131786
1.085233
1.000000
1.000000
1.000000
1.000000
0.720715
1.000000
1.152563
1.067840
1.000000
1.000000
1.000000
1.087413
1.000000
1.000000
1.000000
1.008433
1.109694
1.000000
0.942931
1.000000
1.000000
1.000000
1.000000
1.000000
1.133335
1.000000
1.000000
1.062673
1.067238
1.078494
1.000000
1.189296
0.695046
1.133109
1.000000
1.087476
1.000000
1.000000
1.000000
1.137180
1.000000
1.000000
1.000000
1.153146
1.155265
1.000000
1.741848
1.088515
0.708145
1.000000
1.119194
1.094173
1.000000
1.104201
1.135032
0.663732
1.000000
1.000000
1.106083
1.103401
0.902047
1.000000
1.000000
1.095304
1.086352
1.162966
1.826560
1.202074
1.000000
1.000000
1.174742
1.188127
1.218913
1.085950
1.000000
1.000000
1.112013
1.000000
1.887413
1.179902
1.000000
1.000000
1.762061
1.155844
1.058829
0.635707
1.101023
1.000000
1.161585
1.114932
1.000000
1.000000
1.000000
1.030697
0.838984
1.094388
1.667676
1.132928
1.139871
1.096726
1.000000
1.000000
1.000000
1.096584
2.071314
1.000000
1.149380
1.175266
1.174878
1.140142
1.000000
1.000000
1.112733
1.000000
0.621509
1.664458
1.102610
1.122753
1.000000
1.000000
1.140670
1.165576
1.418862
1.000000
1.035598
1.134871
1.124102
1.915200
1.064631
1.000000
1.000000
1.087060
1.035654
2.165398
1.000000
0.643992
1.000000
1.043613
0.811563
1.139789
1.182625
1.529120
2.103593
1.081828
0.904560
1.000000
1.170617
1.118909
1.095108
1.084257
1.233686
1.000000
1.096755
1.121205
1.091595
1.245818
1.942078
1.108867
1.046198
1.000000
1.000000
1.062458
1.122275
1.157012
1.987376
1.128102
1.105646
1.030340
1.000000
1.145744
2.102712
1.106955
1.124793
1.949396
1.000000
1.000000
0.993168
2.064561
1.070263
1.141651
1.000000
1.000000
0.598656
1.000000
1.000000
1.000000
1.178263
0.637675
1.056897
2.220558
1.214572
0.595293
1.000000
1.013925
1.000000
1.070047
0.999422
1.019977
1.000000
1.122593
1.085920
1.000000
1.125096
2.218764
1.108841
1.000000
1.145652
1.092100
0.659109
0.997429
1.000000
1.127331
1.056989
2.120013
1.000000
1.000000
1.157228
1.000000
1.056201
1.152444
1.066694
1.103883
1.000000
1.000000
1.000000
0.928147
1.224226
1.000000
1.294864
1.010277
1.113093
1.000564
0.997660
1.797384
1.061838
1.104079
1.088561
0.639792
1.122382
1.000000
1.109507
1.000000
1.000000
1.044667
1.083935
1.004393
1.105410
2.184161
1.101995
1.234683
1.000000
1.000000
1.207431
1.006397
0.997385
1.000000
1.000000
0.984555
1.000000
2.039617
1.136995
1.000000
1.031173
1.150981
0.929017
2.068656
1.005392
1.135251
1.095657
2.200608
1.000000
1.000000
1.000000
1.034680
1.047117
1.119456
1.002298
1.007160
1.093110
1.157264
2.318208
1.452505
1.000000
0.991262
1.114016
1.076394
1.167381
1.206183
1.184190
0.950458
0.979572
1.000000
1.108577
1.585333
0.980836
1.000292
1.100961
1.000000
1.073630
1.058580
1.065474
1.154507
1.057329
1.000000
1.355885
1.067140
2.071518
1.000000
1.648979
1.116164
1.000000
1.037249
1.009550
1.084135
1.109093
1.096437
0.657655
2.025603
2.063401
1.158628
1.404217
1.000000
1.026756
1.033194
1.000000
1.115258
1.000000
1.123564
1.000000
1.002614
1.108137
1.116158
1.000000
1.032910
0.577504
1.000000
1.118391
1.000000
1.000000
0.905753
1.149747
1.045127
1.000000
1.155015
0.737202
1.000000
1.027450
1.062676
1.218186
1.046434
1.099373
1.313900
1.000000
1.000000
1.122061
1.120424
1.057903
1.417779
1.350596
1.000000
1.066880
1.102773
0.611030
1.110844
1.000000
1.000000
0.895145
1.093982
1.050915
2.074841
1.797378
1.069111
1.131321
1.135741
1.000000
1.108372
1.806552
1.136834
1.145301
1.097861
0.546321
1.011944
1.069690
1.055935
1.064159
0.725706
1.092236
1.075248
1.353288
1.000000
1.000000
0.588826
1.131477
1.238020
1.115654
1.065458
2.094270
1.000000
1.056894
1.066289
0.574342
1.108505
0.978957
1.000000
1.000000
0.981560
1.126237
1.061478
1.068196
1.387659
1.026987
1.014420
0.680454
1.000000
1.056304
1.554305
0.975419
1.097129
1.060665
1.855931
1.113367
1.138312
1.393151
1.030535
1.151710
1.000000
1.000000
1.088267
1.004330
1.000000
1.634272
1.000000
1.061518
0.927707
1.056254
1.034392
1.046249
1.765849
0.986507
1.000000
1.365186
1.708999
1.847949
1.000000
1.000000
2.190780
1.137298
0.959006
1.171204
1.000000
1.312936
1.473266
1.426765
1.000000
1.201854
1.162286
1.000000
1.150398
1.000000
1.200663
1.349046
1.159429
1.000000
1.000000
1.191385
1.004984
1.208070
0.963730
1.000000
1.082833
1.000000
0.809305
1.000000
0.889007
1.066674
1.008994
0.910888
1.000000
1.000000
1.000000
1.019316
1.000000
0.843361
0.845091
1.000000
1.045574
1.442145
0.877023
0.838472
0.962505
0.960271
1.013501
0.892054
1.000000
1.000000
0.867333
1.021722
1.027170
0.952331
1.031524
0.734681
0.918850
1.000000
0.790311
0.712737
1.070207
0.876919
1.000000
1.000000
0.974093
1.000000
0.860539
1.000000
0.831249
0.839956
1.000000
1.000000
1.000000
0.805289
1.000000
0.753055
0.811669
0.874337
0.847308
1.000000
1.000000
0.813572
1.000000
0.998903
0.782489
1.000000
1.000000
1.000000
0.806575
1.000000
0.836213
1.000000
1.000000
1.000000
1.000000
1.000000
1.000000
1.000000
0.838344
1.000000
1.000000
1.000000
1.000000
1.000000
1.000000
1.000000
1.000000
1.000000
1.000000
1.000000
1.000000
1.000000
1.000000
1.000000
1.000000
1.000000
1.000000
0.876797
1.000000
1.000000
1.000000
1.000000
1.000000
1.000000
1.000000
1.000000
1.000000
1.000000
1.000000
1.000000
1.000000
1.000000
1.000000
1.000000
1.000000
1.000000
1.000000
1.000000
1.000000
1.000000
1.000000
1.000000
1.000000
1.000000
1.000000
1.000000
1.000000
1.000000
1.000000
1.000000
1.000000
1.000000
1.000000
1.000000
1.000000
1.000000
1.000000
1.000000
1.000000
1.000000
1.000000
1.000000
1.000000
1.000000
1.000000
1.000000
1.000000
1.000000
1.000000
1.000000
1.000000
1.000000
1.000000
1.000000
1.000000
1.000000
1.000000
1.000000
1.000000
1.000000
1.000000
1.000000
1.000000
1.000000
1.000000
1.000000
1.000000
1.000000
1.000000
1.000000
1.000000
1.000000
1.000000
1.000000
1.000000
1.000000
1.000000
1.000000
1.000000
1.000000
1.018074
1.316544
1.257788
1.290533
1.016350
0.857782
1.234637
1.299255
1.204766
1.077668
1.049441
1.256224
1.195060
1.401914
1.143606
1.000000
1.221956
1.113524
1.135522
1.202034
1.155191
1.198530
1.264622
1.291910
1.257249
1.214160
1.003333
1.000000
1.000000
1.131903
1.145299
1.000000
1.000000
1.000000
1.159737
1.292212
1.414154
1.271087
1.238312
1.000000
1.000000
1.349460
1.000000
1.179114
1.016654
1.180522
0.730783
1.000000
1.358595
1.001422
1.000000
1.243115
1.000000
1.374582
1.255372
1.000000
0.787180
1.000000
1.000000
1.439986
1.000000
1.000000
1.000000
0.625460
1.000000
1.235861
1.000000
1.000000
1.000000
1.232763
1.000000
1.000000
0.979406
1.000000
1.000000
1.000000
1.189890
1.000000
1.000000
1.000000
1.142185
1.103462
1.000000
1.000000
1.000000
1.000000
1.059906
1.000000
1.159004
1.264392
1.059966
1.006541
1.169329
1.000000
1.000000
1.231919
1.000000
1.000000
1.000000
1.000000
0.954219
1.000000
1.000000
1.000000
1.000000
1.000000
1.000000
1.000000
1.000000
1.000000
1.000000
1.000000
1.023099
1.000000
1.000000
1.000000
1.000000
1.000000
1.000000
1.000000
1.000000
1.000000
1.000000
1.000000
1.000000
1.000000
1.000000
1.000000
1.000000
1.000000
1.000000
1.000000
1.000000
1.000000
1.000000
1.000000
1.000000
1.000000
1.000000
1.000000
1.000000
1.000000
1.000000
1.000000
1.000000
1.000000
1.000000
1.000000
1.000000
1.000000
1.000000
1.000000
1.000000
1.000000
1.000000
1.000000
1.000000
1.000000
1.000000
1.000000
1.000000
1.000000
1.000000
1.000000
1.000000
1.000000
1.000000
1.000000
1.000000
1.000000
1.000000
1.000000
1.000000
1.000000
1.000000
1.000000
1.000000
1.000000
1.000000
1.000000
1.000000
1.000000
1.000000
1.000000
1.000000
1.000000
1.000000
1.000000
1.000000
1.000000
1.000000
1.000000
1.000000
1.000000
1.000000
1.391122
1.181745
1.140323
1.024026
1.420364
1.423593
1.357085
1.001823
1.282986
1.099744
1.111679
1.039585
1.382630
1.339353
1.336389
0.998573
0.996276
1.237247
1.294564
1.243434
1.100455
0.987406
0.994291
1.109730
1.115596
0.959010
1.114025
0.995753
0.984825
1.323086
0.957444
1.194034
1.010616
0.737227
1.054749
1.230472
0.946840
1.221922
0.961235
1.125100
1.232863
0.956409
0.999651
0.935456
1.018197
1.232305
1.027594
0.928346
1.176375
0.948177
1.177096
0.981869
1.049431
0.949028
1.028641
1.161206
0.961647
1.002600
0.998491
0.992644
1.101422
0.985371
0.996887
1.116213
1.054475
1.096114
1.015431
1.045052
0.979359
1.061010
1.000833
1.008032
1.000000
1.011860
1.064839
0.951349
1.156893
1.096488
1.091799
1.000000
1.062039
0.981119
1.028424
0.971116
1.000000
1.000000
0.927883
1.025903
1.113420
1.000000
1.069456
1.317965
1.000602
1.060348
0.998134
1.107169
1.042602
1.130662
1.118854
1.071922
1.073112
1.056845
1.204827
1.076623
1.000000
1.000000
1.000000
1.080464
1.066088
1.047746
1.071820
1.000000
1.014041
1.053578
1.231127
1.215070
1.076443
1.000000
1.135140
1.040059
1.033310
1.098273
1.091687
1.013259
1.096050
1.101499
1.068106
1.045371
1.000000
1.000000
1.080395
1.011296
1.052634
1.113634
1.029548
1.027853
1.100751
1.033189
1.092218
0.986951
1.000000
1.109991
1.000000
1.000000
1.009677
1.018508
1.007558
1.000000
1.016542
0.993264
1.015243
1.036845
1.100047
1.038926
1.000000
1.000000
1.117864
1.041707
1.061030
1.000000
1.020216
1.079774
1.214895
1.050296
1.000000
1.000000
1.036166
1.011593
1.031836
1.365593
1.000000
1.022617
0.987584
1.039495
1.039938
1.000000
0.990461
1.000000
1.066025
1.000000
1.000000
1.000000
1.016210
1.000000
1.000000
0.984464
1.000000
1.000000
1.000000
1.000000
1.051605
1.000000
1.000000
1.000000
1.000000
1.000000
1.000000
1.000000
1.000000
1.000000
1.000000
1.000000
0.967300
1.000000
1.000000
1.000000
1.000000
1.000000
1.000000
1.000000
1.000000
1.000000
1.000000
1.000000
1.000000
1.000000
1.000000
1.000000
1.000000
1.000000
1.000000
1.000000
1.000000
1.000000
1.000000
1.000000
1.000000
1.266751
1.000000
1.000000
1.000000
1.000000
1.000000
1.000000
1.000000
1.000000
1.000000
1.218745
1.206940
1.000000
1.612646
1.000000
1.000000
1.000000
1.000000
1.000000
1.000000
1.000000
1.000000
1.000000
1.000000
1.000000
1.000000
1.000000
1.000000
1.000000
1.000000
1.201646
1.175003
1.539747
1.000000
1.000000
1.000000
1.000000
1.000000
1.000000
1.747166
1.000000
1.000000
1.000000
1.000000
1.000000
1.000000
1.157271
1.000000
1.238204
1.000000
1.058657
1.000000
1.000000
1.000000
1.000000
1.000000
1.000000
1.000000
1.000000
1.000000
1.000000
1.000000
1.000000
1.142483
1.110877
1.000000
1.060964
1.000000
1.000000
1.000000
0.879184
1.000000
1.234991
0.982717
1.000000
1.000000
1.000000
1.000000
1.000000
1.000000
1.000000
1.000000
1.000000
1.000000
1.000000
1.000000
1.000000
1.000000
1.000000
1.000000
1.000000
1.000000
1.000000
1.000000
1.000000
1.000000
1.000000
1.000000
1.000000
1.000000
1.000000
1.000000
1.000000
1.000000
1.000000
1.000000
1.049656
1.000000
1.000000
1.000000
1.000000
1.000000
1.000000
1.000000
1.146077
1.000000
1.000000
1.000000
1.000000
1.000000
1.062955
1.000000
1.000000
1.000000
1.000000
1.000000
1.000000
1.000000
1.000000
1.000000
1.000000
1.159076
1.000000
1.000000
1.000000
1.000000
1.092180
1.072784
1.112020
1.059125
1.121686
1.000000
1.000000
1.000000
1.235932
1.177150
1.677222
1.267282
1.000000
1.000000
1.072269
1.000000
1.000000
1.000000
1.000000
1.000000
1.000000
1.095911
1.000000
1.000000
1.000000
1.402714
1.000000
1.000000
1.325076
1.000000
1.000000
1.000000
1.000000
1.000000
1.262956
1.127982
0.991726
1.000000
1.000000
1.000000
1.000000
1.000000
1.000000
1.000000
1.094407
1.000000
1.000000
1.000000
1.000000
1.000000
1.000000
1.000000
1.000000
1.000000
1.000000
1.000000
1.000000
1.000000
1.000000
1.000000
1.000000
1.000000
1.020055
1.000000
0.909448
1.318248
1.000000
1.000000
1.000000
1.000000
1.000000
1.113053
1.000000
1.000000
1.000000
0.917923
1.000000
1.000000
1.000000
1.000000
1.386793
1.131140
1.655000
1.169379
1.000000
1.000000
1.000000
1.000000
1.000000
1.000000
1.000000
1.000000
1.000000
1.000000
1.000000
1.000000
1.000000
1.000000
1.183257
1.000000
1.000000
1.000000
1.130053
1.000000
1.000000
1.000000
1.000000
1.000000
1.000000
1.000000
1.000000
1.000000
1.000000
1.000000
1.000000
1.000000
1.000000
1.000000
0.998903
1.000000
1.000000
1.000000
1.000000
1.094964
1.191960
1.000000
1.141024
1.000000
1.000000
1.000000
1.000000
1.000000
1.000000
1.000000
1.072751
0.936054
1.000000
