1.211692
1.832110
2.803926
1.177563
1.256339
1.566767
2.280175
2.076803
1.592455
1.385014
2.385922
1.120605
1.147408
1.492545
0.876904
1.347285
1.406010
1.905606
1.540166
0.997261
1.010649
1.617709
1.676378
1.639894
0.955439
1.040602
0.894910
1.200274
0.983362
1.607046
1.238405
1.323148
0.969983
0.934618
1.337877
0.638949
1.956848
0.950623
1.000000
1.343705
1.367228
1.585812
1.314733
1.205615
0.954605
1.000000
0.743641
0.958889
1.000000
1.000000
1.000000
1.000000
0.903526
0.902301
1.262344
0.558274
1.000000
1.816721
1.000000
1.000000
0.850933
1.279931
0.956330
1.000000
0.671531
0.927435
1.076123
1.000000
1.000000
1.017034
1.000000
1.180421
2.569141
1.238593
0.977114
0.796694
1.000000
1.532972
1.097921
1.000000
1.000000
1.000000
1.000677
1.000000
1.000000
1.000000
1.333377
1.000000
0.851837
0.967943
0.871976
1.000000
3.016124
0.852190
0.823837
1.000000
1.000000
0.852625
1.000000
1.000000
1.000000
0.797596
1.000000
1.000000
1.062484
1.000000
1.000000
1.000000
0.752586
0.984590
1.000000
1.000000
1.000000
1.454805
0.899396
1.000000
1.000000
1.000000
1.000000
1.000000
1.275311
1.064117
1.000000
1.000000
1.000000
1.000000
1.550485
0.951428
1.000000
1.185339
1.000000
1.000000
1.661081
0.976256
1.000000
1.000000
1.000000
1.000000
1.000000
1.177951
1.000000
1.000000
0.769757
0.995514
1.110679
1.000000
1.000000
1.000000
1.000000
1.000000
1.000000
1.000000
0.973420
0.993155
0.939011
1.000000
1.000000
1.038728
1.000000
1.000000
1.000000
1.000000
1.001723
1.003725
1.000000
1.150488
1.000000
1.000000
1.000000
1.000000
0.972186
0.999902
1.000000
1.000000
1.000000
0.793842
1.000000
1.000000
1.000000
1.000000
1.000000
1.046614
1.003839
1.000000
1.000000
1.000000
0.964789
1.000000
1.001127
1.000000
1.000000
1.000000
1.000000
1.000000
1.000000
1.000000
1.000000
1.696881
1.000000
1.000000
1.000000
1.000000
1.000000
0.877355
1.000000
1.000000
1.000000
1.000000
1.000000
1.000000
1.000000
1.032095
1.464203
1.000000
1.000000
1.000000
1.000000
1.000000
1.000000
1.000000
1.178248
1.000000
1.000000
1.000000
1.000000
1.000000
1.011149
1.000955
1.000000
1.000000
1.000000
1.000000
0.912967
0.907309
1.000000
1.188447
0.713528
1.093517
1.000000
1.000000
1.000000
1.000000
1.000000
1.000000
0.746795
1.000000
0.984770
1.000000
1.000000
1.000000
1.176664
1.000000
1.000000
1.477980
1.000000
1.000000
1.000000
1.301780
1.000000
1.000000
1.000000
1.000000
1.026957
1.000000
1.000000
1.000000
0.972383
0.998025
1.000000
1.267264
1.000000
1.000000
1.000000
1.000000
1.102225
1.003660
0.963837
1.000000
1.000000
1.013713
1.000000
1.000000
1.000000
1.000000
1.000000
1.000000
1.000000
1.000000
1.000000
1.000000
1.000000
0.962058
1.000000
0.890695
1.002563
1.000000
1.000000
1.000000
1.000000
1.000000
1.000000
1.000000
1.476223
0.908183
1.000000
1.000000
1.000000
2.108179
0.978093
1.000000
1.375726
1.000000
1.000000
1.586727
1.000000
1.000000
1.000000
1.000000
1.000000
1.000000
1.000000
1.000000
0.913480
1.459960
0.990927
1.000000
1.000000
1.000000
1.000000
1.000000
1.000000
1.000000
1.000000
1.000000
1.032434
1.000000
1.000000
1.000000
1.000000
1.000000
1.000000
1.000000
1.000000
1.003261
1.000000
1.000000
1.000000
1.000000
1.000000
1.007403
1.000000
1.000000
1.000000
1.000000
1.000000
0.930170
1.000000
1.000000
1.000000
0.877948
1.000000
1.000000
1.002327
1.000000
1.000000
1.000000
1.000000
1.000000
1.000000
1.000000
1.000000
1.000000
1.000000
1.641770
1.000000
1.000000
1.004454
1.000000
1.067284
1.000000
1.263255
1.000000
1.000000
1.000000
0.970175
1.000000
1.000000
0.894139
1.000000
1.025491
0.577948
1.000000
1.000000
1.000000
1.039247
1.000000
1.000000
0.903666
1.000000
1.000000
1.000000
1.000000
1.000000
1.000000
1.353179
1.126241
1.000000
1.000000
1.000000
1.000000
1.000000
1.333523
1.000000
1.000000
1.000000
1.000000
0.982032
1.033245
1.000000
1.000000
1.000000
1.000000
1.000000
1.000000
1.000000
1.000000
1.156936
1.000000
1.000000
1.000000
1.000000
1.000000
1.000000
1.000000
1.000000
1.000000
1.000000
1.000000
1.000000
1.000000
1.000000
0.721126
1.019924
1.000000
1.000000
1.000000
1.000000
1.000000
1.000000
0.943951
1.000000
1.000000
1.000000
1.000000
1.000000
1.410575
0.982949
1.000000
1.000000
1.000000
1.000000
1.000000
1.000000
1.000000
1.000000
0.634242
1.000000
1.000000
1.000000
1.000000
1.000000
1.000000
1.000000
1.000000
1.000000
1.000000
1.000000
0.954839
0.565282
1.000000
1.000000
1.063526
1.000000
1.834150
1.000000
1.000000
1.000000
1.000000
1.000000
1.000000
1.000000
0.623209
1.000000
1.000000
1.000000
1.017623
0.916422
1.000000
1.000000
1.000000
1.000000
1.239321
1.000000
1.000000
1.000000
1.088092
1.000000
1.000000
1.920877
1.000000
1.239171
1.000000
1.000000
1.000000
1.711117
1.662906
1.000000
1.000000
1.000000
1.000000
1.655491
1.000000
1.375806
1.000000
2.020472
1.000000
1.000000
1.000000
1.000000
1.439497
2.436136
1.974685
1.000000
1.311806
1.000000
1.000000
1.996026
1.000000
1.000000
1.000000
1.000000
1.000000
1.000000
1.000000
1.000000
2.346282
1.475298
1.000000
1.000000
1.000000
1.000000
1.000000
1.000000
1.000000
2.375365
1.000000
1.000000
1.000000
1.000000
1.925429
1.329914
1.000000
1.155608
1.000000
1.168221
1.000000
1.000000
1.508448
1.314760
1.518288
1.000000
1.808064
1.000000
1.000000
1.000000
1.000000
1.649276
1.235314
1.000000
1.147365
1.000000
1.000000
0.932979
1.248203
1.379009
1.000000
1.166319
1.000000
1.944103
1.816961
1.298489
1.686711
1.600583
1.320205
2.092504
1.000000
1.379542
1.209986
1.211698
1.447536
1.267207
1.079824
1.241467
1.224025
1.466078
1.673431
1.105885
1.229616
2.024657
1.926449
1.242059
1.506749
1.191115
1.997242
1.000000
1.632386
1.223177
1.163309
1.874145
1.877508
1.677755
1.519475
1.594710
1.657169
1.097362
1.534819
1.307933
1.563036
1.767597
1.256969
1.851604
1.333888
1.042802
1.380759
1.650297
1.393578
1.489380
1.358500
1.036388
1.455601
1.331400
1.161710
1.488194
1.474893
1.215305
1.304575
1.463898
1.169542
1.159823
1.400930
1.719705
1.284149
1.513198
0.990057
1.608438
1.483560
1.645951
1.421674
1.322962
1.226075
1.705133
1.243496
1.211048
1.628223
1.756609
1.373028
1.447541
1.621295
1.442258
0.922937
0.932533
0.916454
0.957759
1.075644
1.099032
1.555000
1.434815
1.340230
1.094340
1.584171
1.346964
1.066377
1.186242
0.991585
1.273082
1.493746
1.445837
1.326268
1.075585
1.468633
1.409231
1.104506
1.202572
1.237148
1.371461
1.057937
1.114174
1.000000
1.000000
1.000000
1.000000
1.000000
1.000000
1.000000
1.000000
1.000000
1.000000
1.000000
1.000000
1.000000
1.000000
1.000000
1.824566
1.000000
1.000000
1.000000
1.000000
1.000000
1.000000
1.000000
1.000000
1.000000
1.000000
1.000000
2.770784
2.118440
1.000000
1.000000
1.879107
0.870035
1.095739
1.000000
1.000000
1.000000
1.000000
1.000000
1.901762
1.057349
1.000000
1.482110
1.000000
1.000000
1.000000
1.000000
1.978819
1.000000
1.000000
2.277694
1.000000
2.121299
1.000000
1.000000
1.359622
1.000000
1.618693
1.824743
1.000000
1.751621
1.293207
2.267371
1.000000
1.254270
1.000000
1.631447
1.729930
1.790547
1.000000
1.604379
1.395188
1.000000
1.113479
2.080380
1.198528
1.000000
1.412728
0.766491
1.260868
1.000000
1.000000
2.323953
0.894548
1.514249
1.355559
1.000000
2.055019
1.000000
1.000000
1.000000
1.000000
1.000000
1.548511
1.454113
1.000000
1.313627
1.209096
1.635589
1.706319
1.000000
1.200638
1.559964
1.262342
1.431032
0.899595
1.346068
1.231810
1.314240
0.771223
1.762472
1.852042
1.000000
1.018345
1.215245
1.191250
1.566258
1.473350
1.413846
1.269438
1.692136
1.176421
1.137083
1.131253
1.388173
1.449029
1.645432
1.111950
1.384047
1.415132
1.433396
1.097135
1.331537
1.306419
1.929484
1.745141
0.851949
1.172929
1.476750
1.085684
1.312610
1.711437
1.187673
1.027457
1.316287
1.038086
1.502391
1.603703
1.052107
1.351014
1.057478
0.878575
1.747932
1.142079
1.264575
1.205223
1.124049
1.439452
1.094686
0.996637
1.668867
1.221187
1.346733
1.008823
0.766781
0.966621
1.204456
0.942461
1.569787
1.446409
0.850761
1.566687
1.604604
1.334939
0.984004
1.096459
1.265058
1.515729
0.969478
1.578633
1.238093
1.257929
0.848874
0.966152
1.216093
1.214253
1.072278
1.495398
1.070002
0.960288
1.247054
1.300078
1.468728
1.180393
1.338774
1.000000
1.000000
1.000000
1.000000
1.000000
1.000000
1.000000
1.000000
1.000000
1.000000
1.000000
1.000000
1.000000
1.000000
1.000000
1.000000
1.000000
1.000000
1.000000
1.000000
1.000000
1.000000
1.000000
1.000000
1.000000
1.000000
1.000000
1.000000
1.000000
1.000000
1.000000
1.000000
1.000000
1.000000
1.000000
1.000000
1.000000
1.000000
1.000000
1.000000
1.000000
1.000000
1.000000
1.000000
1.000000
1.000000
1.000000
1.000000
1.000000
1.000000
1.000000
1.000000
1.000000
1.000000
1.000000
1.000000
1.000000
1.000000
1.000000
1.000000
1.000000
1.000000
1.000000
1.000000
1.000000
1.000000
1.000000
1.000000
1.000000
1.000000
1.000000
1.000000
1.013108
1.000000
1.000000
1.000000
1.000000
1.000000
1.000000
1.013484
1.000000
1.000000
1.000000
1.000000
1.006351
1.005633
1.000000
1.000000
1.000000
0.946295
1.000000
1.000000
1.000000
1.000000
1.000000
1.000000
1.000000
1.000000
1.000000
1.000000
1.000000
1.000000
1.000000
1.000000
1.011902
1.008706
1.009402
1.000000
1.000000
1.000000
1.000000
1.010378
1.000000
1.000000
1.000000
1.000000
1.000000
1.001999
1.000000
1.000000
1.000000
1.000000
1.000000
1.000000
1.000000
1.000000
1.000000
1.000000
1.001828
1.010452
1.000000
1.000000
1.000000
1.000000
1.000000
1.000000
1.000000
1.000000
1.000000
1.000000
1.007946
1.000000
1.010812
1.007588
1.000000
1.000000
1.000000
1.008966
1.000000
1.000000
1.000000
1.000000
1.000000
1.000000
1.009118
0.996204
1.000000
1.000000
1.000000
0.638126
1.000000
1.000000
1.000000
1.000000
1.019232
1.001474
1.000000
1.000000
1.000000
1.000000
1.084377
1.000000
1.000000
1.000000
1.000000
1.020232
1.000000
1.027168
1.000000
1.029836
1.010999
1.030729
1.000000
0.998337
1.000814
1.000000
1.017405
0.985436
1.036134
0.938096
1.000000
1.147051
0.947661
1.095391
0.948463
0.941938
0.989581
0.973192
0.984013
1.043961
0.973140
1.036468
1.000000
0.939682
0.997288
1.033605
0.974349
0.996402
1.057283
0.952699
1.092663
0.958407
0.993780
1.067769
1.024341
1.008967
0.968069
1.069794
1.012367
1.041330
1.007688
1.033347
1.048294
1.046276
1.078932
1.017706
1.038860
1.000000
1.084875
1.092812
1.023784
1.023215
0.969654
1.180090
1.121930
1.134860
0.982995
1.000000
1.000000
0.966995
1.000000
1.013051
1.012332
0.947204
0.932732
0.932040
1.145633
1.077146
0.943078
1.027274
1.004637
1.045970
1.033855
1.045998
1.023522
1.032907
1.045965
1.000000
1.000000
1.000000
1.005778
1.010226
1.250714
1.019911
0.879881
1.007018
1.000000
0.971245
1.067248
1.046141
1.087394
1.028490
1.012952
1.000000
1.083584
1.000000
1.098266
1.000000
0.945531
0.981678
1.015734
1.008632
1.018308
1.030398
1.024402
0.993642
1.013402
0.968064
1.090244
1.057572
1.000000
1.000000
1.033508
1.000000
1.101214
1.023738
0.983401
1.000000
0.977640
1.000000
1.000000
0.942499
1.119310
1.058789
1.017858
0.981972
0.987546
1.098568
1.025572
1.122738
1.045739
1.022525
1.013847
1.034439
1.014998
1.015038
1.038606
0.987747
1.029431
1.060905
0.959641
1.067401
1.028521
1.021141
1.034056
1.018042
1.006796
1.042541
1.059293
0.981553
1.074724
1.083003
1.054268
1.000000
1.019660
0.955399
0.964726
1.067334
1.101030
1.117730
1.000560
1.000000
0.999226
1.035222
1.017033
1.009043
1.070757
1.000000
0.998088
1.040846
1.035422
1.130947
1.005258
1.029025
0.986772
1.055547
1.016869
0.997619
1.000000
1.015595
1.036884
1.049654
1.025518
1.000000
1.000000
1.000000
1.000000
1.000000
1.075763
1.017503
0.980869
1.000000
1.000000
1.000000
1.000000
1.004010
1.051305
1.000000
1.034806
0.952903
0.943912
0.926298
1.027634
1.032267
1.000000
1.064510
1.026444
1.032221
1.000000
1.006818
1.005713
1.000000
1.038503
1.002237
1.014038
1.032824
0.996632
1.000000
1.000000
1.000000
0.938794
1.028224
1.040822
0.978629
1.042808
0.996818
1.092143
1.000000
1.080241
1.010542
1.059500
0.988588
1.011596
0.992423
1.021680
1.046147
1.062325
1.050441
1.000684
1.064287
1.050042
1.095886
0.944438
0.966729
1.035809
1.000000
0.867982
1.000000
1.000000
0.930657
1.003921
1.006304
1.015773
0.980370
1.000000
1.023131
1.002065
0.903079
1.000000
0.959119
0.965352
0.942602
0.955668
1.000000
1.000000
1.000000
1.000000
0.936835
1.058311
1.055711
0.996612
0.935121
0.913104
1.003700
0.997162
0.971983
1.012382
0.997695
1.017781
1.046710
0.994168
1.000000
0.969925
1.036722
0.967242
1.000000
1.025182
1.080292
0.984103
1.005886
1.014629
1.003907
1.024824
1.043578
0.995505
1.072470
0.997654
1.044595
0.996553
1.075529
1.001770
1.000000
0.978444
1.008416
1.019070
1.058254
1.000000
1.000000
1.015342
1.000000
1.005648
0.930570
0.962215
0.968957
0.949568
1.029161
1.027924
1.000000
1.000000
0.990719
