0.876904
0.997261
0.955439
0.894910
0.983362
0.969983
0.934618
0.638949
0.950623
0.954605
0.915098
0.743641
0.958889
0.848844
0.903526
0.902301
0.558274
0.720715
0.850933
0.956330
0.671531
0.927435
0.942931
0.977114
0.796694
0.695046
0.851837
0.967943
0.871976
0.852190
0.823837
0.852625
0.708145
0.797596
0.663732
0.752586
0.984590
0.902047
0.899396
0.951428
0.976256
0.635707
0.769757
0.995514
0.838984
0.973420
0.993155
0.939011
0.621509
0.972186
0.999902
0.793842
0.964789
0.643992
0.811563
0.904560
0.877355
0.993168
0.912967
0.907309
0.598656
0.713528
0.637675
0.595293
0.746795
0.984770
0.999422
0.659109
0.997429
0.972383
0.998025
0.963837
0.928147
0.997660
0.639792
0.962058
0.890695
0.908183
0.997385
0.978093
0.984555
0.929017
0.913480
0.990927
0.991262
0.950458
0.979572
0.980836
0.930170
0.877948
0.657655
0.970175
0.577504
0.894139
0.577948
0.905753
0.737202
0.903666
0.611030
0.982032
0.895145
0.546321
0.725706
0.721126
0.588826
0.943951
0.574342
0.978957
0.982949
0.981560
0.680454
0.634242
0.975419
0.954839
0.565282
0.927707
0.986507
0.623209
0.916422
0.959006
0.963730
0.809305
0.889007
0.910888
0.843361
0.845091
0.877023
0.838472
0.962505
0.960271
0.892054
0.867333
0.952331
0.734681
0.918850
0.790311
0.712737
0.876919
0.974093
0.860539
0.831249
0.839956
0.805289
0.753055
0.811669
0.874337
0.847308
0.813572
0.998903
0.782489
0.932979
0.806575
0.836213
0.838344
0.876797
0.990057
0.922937
0.932533
0.916454
0.957759
0.991585
0.857782
0.870035
0.730783
0.787180
0.625460
0.979406
0.766491
0.894548
0.954219
0.899595
0.771223
0.851949
0.878575
0.996637
0.766781
0.966621
0.942461
0.850761
0.984004
0.969478
0.848874
0.966152
0.960288
0.998573
0.996276
0.987406
0.994291
0.959010
0.995753
0.984825
0.957444
0.737227
0.946840
0.961235
0.956409
0.999651
0.935456
0.928346
0.948177
0.981869
0.949028
0.961647
0.998491
0.992644
0.985371
0.996887
0.979359
0.951349
0.981119
0.971116
0.927883
0.946295
0.998134
0.986951
0.993264
0.996204
0.638126
0.987584
0.990461
0.998337
0.984464
0.985436
0.938096
0.947661
0.948463
0.941938
0.989581
0.973192
0.984013
0.973140
0.967300
0.939682
0.997288
0.974349
0.996402
0.952699
0.958407
0.993780
0.968069
0.969654
0.982995
0.966995
0.947204
0.932732
0.932040
0.943078
0.879881
0.971245
0.945531
0.981678
0.993642
0.968064
0.983401
0.879184
0.977640
0.982717
0.942499
0.981972
0.987546
0.987747
0.959641
0.981553
0.955399
0.964726
0.999226
0.998088
0.986772
0.997619
0.980869
0.952903
0.943912
0.926298
0.996632
0.991726
0.938794
0.978629
0.996818
0.988588
0.992423
0.944438
0.966729
0.867982
0.909448
0.930657
0.980370
0.903079
0.917923
0.959119
0.965352
0.942602
0.955668
0.936835
0.996612
0.935121
0.913104
0.997162
0.971983
0.997695
0.994168
0.969925
0.967242
0.984103
0.995505
0.997654
0.996553
0.998903
0.978444
0.930570
0.962215
0.968957
0.949568
0.936054
0.990719
